Build started 10/24/2015 6:50:56 AM.
     1>Project "E:\Semester 3 Fall 2015\data structure\Assignments\Trees implementation\Trees implementation\Trees implementation.vcxproj" on node 2 (Build target(s)).
     1>ClCompile:
         C:\Program Files (x86)\Microsoft Visual Studio 11.0\VC\bin\CL.exe /c /ZI /nologo /W3 /WX- /Od /Oy- /D _MBCS /Gm /EHsc /RTC1 /MDd /GS /fp:precise /Zc:wchar_t /Zc:forScope /Fo"Debug\\" /Fd"Debug\vc110.pdb" /Gd /TP /analyze- /errorReport:prompt Source.cpp
         Source.cpp
     1>e:\semester 3 fall 2015\data structure\assignments\trees implementation\trees implementation\tree.h(130): warning C4553: '==' : operator has no effect; did you intend '='?
                 e:\semester 3 fall 2015\data structure\assignments\trees implementation\trees implementation\tree.h(108) : while compiling class template member function 'void tree_implementation<datatype>::delete_private(node<datatype> *&)'
                 with
                 [
                     datatype=char
                 ]
                 e:\semester 3 fall 2015\data structure\assignments\trees implementation\trees implementation\tree.h(347) : see reference to function template instantiation 'void tree_implementation<datatype>::delete_private(node<datatype> *&)' being compiled
                 with
                 [
                     datatype=char
                 ]
                 e:\semester 3 fall 2015\data structure\assignments\trees implementation\trees implementation\source.cpp(25) : see reference to class template instantiation 'tree_implementation<datatype>' being compiled
                 with
                 [
                     datatype=char
                 ]
     1>e:\semester 3 fall 2015\data structure\assignments\trees implementation\trees implementation\tree.h(131): warning C4700: uninitialized local variable 'temp' used
     1>e:\semester 3 fall 2015\data structure\assignments\trees implementation\trees implementation\tree.h(131): warning C4700: uninitialized local variable 'temp' used
       Link:
         C:\Program Files (x86)\Microsoft Visual Studio 11.0\VC\bin\link.exe /ERRORREPORT:PROMPT /OUT:"E:\Semester 3 Fall 2015\data structure\Assignments\Trees implementation\Debug\Trees implementation.exe" /INCREMENTAL /NOLOGO kernel32.lib user32.lib gdi32.lib winspool.lib comdlg32.lib advapi32.lib shell32.lib ole32.lib oleaut32.lib uuid.lib odbc32.lib odbccp32.lib /MANIFEST /MANIFESTUAC:"level='asInvoker' uiAccess='false'" /manifest:embed /DEBUG /PDB:"E:\Semester 3 Fall 2015\data structure\Assignments\Trees implementation\Debug\Trees implementation.pdb" /TLBID:1 /DYNAMICBASE /NXCOMPAT /IMPLIB:"E:\Semester 3 Fall 2015\data structure\Assignments\Trees implementation\Debug\Trees implementation.lib" /MACHINE:X86 Debug\Source.obj
         Trees implementation.vcxproj -> E:\Semester 3 Fall 2015\data structure\Assignments\Trees implementation\Debug\Trees implementation.exe
     1>Done Building Project "E:\Semester 3 Fall 2015\data structure\Assignments\Trees implementation\Trees implementation\Trees implementation.vcxproj" (Build target(s)).

Build succeeded.

Time Elapsed 00:00:11.43
