Build started 10/30/2015 9:08:43 AM.
     1>Project "E:\Semester 3 Fall 2015\data structure\Assignments\heap implementation\heap implementation\heap implementation.vcxproj" on node 2 (Build target(s)).
     1>ClCompile:
         C:\Program Files (x86)\Microsoft Visual Studio 11.0\VC\bin\CL.exe /c /ZI /nologo /W3 /WX- /Od /Oy- /D _MBCS /Gm /EHsc /RTC1 /MDd /GS /fp:precise /Zc:wchar_t /Zc:forScope /Fo"Debug\\" /Fd"Debug\vc110.pdb" /Gd /TP /analyze- /errorReport:prompt Source.cpp
         Source.cpp
     1>e:\semester 3 fall 2015\data structure\assignments\heap implementation\heap implementation\heap.h(16): warning C4244: 'return' : conversion from 'double' to 'int', possible loss of data
                 e:\semester 3 fall 2015\data structure\assignments\heap implementation\heap implementation\heap.h(15) : while compiling class template member function 'int heap_implementation<type>::get_parent(int)'
                 with
                 [
                     type=int
                 ]
                 e:\semester 3 fall 2015\data structure\assignments\heap implementation\heap implementation\heap.h(31) : see reference to function template instantiation 'int heap_implementation<type>::get_parent(int)' being compiled
                 with
                 [
                     type=int
                 ]
                 e:\semester 3 fall 2015\data structure\assignments\heap implementation\heap implementation\source.cpp(29) : see reference to class template instantiation 'heap_implementation<type>' being compiled
                 with
                 [
                     type=int
                 ]
       Link:
         C:\Program Files (x86)\Microsoft Visual Studio 11.0\VC\bin\link.exe /ERRORREPORT:PROMPT /OUT:"E:\Semester 3 Fall 2015\data structure\Assignments\heap implementation\Debug\heap implementation.exe" /INCREMENTAL /NOLOGO kernel32.lib user32.lib gdi32.lib winspool.lib comdlg32.lib advapi32.lib shell32.lib ole32.lib oleaut32.lib uuid.lib odbc32.lib odbccp32.lib /MANIFEST /MANIFESTUAC:"level='asInvoker' uiAccess='false'" /manifest:embed /DEBUG /PDB:"E:\Semester 3 Fall 2015\data structure\Assignments\heap implementation\Debug\heap implementation.pdb" /TLBID:1 /DYNAMICBASE /NXCOMPAT /IMPLIB:"E:\Semester 3 Fall 2015\data structure\Assignments\heap implementation\Debug\heap implementation.lib" /MACHINE:X86 Debug\Source.obj
         heap implementation.vcxproj -> E:\Semester 3 Fall 2015\data structure\Assignments\heap implementation\Debug\heap implementation.exe
     1>Done Building Project "E:\Semester 3 Fall 2015\data structure\Assignments\heap implementation\heap implementation\heap implementation.vcxproj" (Build target(s)).

Build succeeded.

Time Elapsed 00:00:33.19
